<?xml version="1.0" encoding="UTF-8"?>
<testsuite xmlns:xsi="http://www.w3.org/2001/XMLSchema-instance" xsi:noNamespaceSchemaLocation="https://maven.apache.org/surefire/maven-surefire-plugin/xsd/surefire-test-report.xsd" name="com.parkit.parkingsystem.ParkingServiceTest" time="1.38" tests="2" errors="0" skipped="0" failures="0">
  <properties>
    <property name="sun.desktop" value="windows"/>
    <property name="awt.toolkit" value="sun.awt.windows.WToolkit"/>
    <property name="file.encoding.pkg" value="sun.io"/>
    <property name="java.specification.version" value="1.8"/>
    <property name="sun.cpu.isalist" value="amd64"/>
    <property name="sun.jnu.encoding" value="Cp1252"/>
    <property name="java.class.path" value="C:\Users\adrie\Desktop\OC-Projet\PMOVE_01_Code\target\test-classes;C:\Users\adrie\Desktop\OC-Projet\PMOVE_01_Code\target\classes;C:\Users\adrie\.m2\repository\org\apache\logging\log4j\log4j-api\2.12.1\log4j-api-2.12.1.jar;C:\Users\adrie\.m2\repository\org\apache\logging\log4j\log4j-core\2.12.1\log4j-core-2.12.1.jar;C:\Users\adrie\.m2\repository\mysql\mysql-connector-java\8.0.17\mysql-connector-java-8.0.17.jar;C:\Users\adrie\.m2\repository\com\google\protobuf\protobuf-java\3.6.1\protobuf-java-3.6.1.jar;C:\Users\adrie\.m2\repository\org\junit\jupiter\junit-jupiter-api\5.3.2\junit-jupiter-api-5.3.2.jar;C:\Users\adrie\.m2\repository\org\apiguardian\apiguardian-api\1.0.0\apiguardian-api-1.0.0.jar;C:\Users\adrie\.m2\repository\org\opentest4j\opentest4j\1.1.1\opentest4j-1.1.1.jar;C:\Users\adrie\.m2\repository\org\junit\platform\junit-platform-commons\1.3.2\junit-platform-commons-1.3.2.jar;C:\Users\adrie\.m2\repository\org\junit\jupiter\junit-jupiter-engine\5.3.2\junit-jupiter-engine-5.3.2.jar;C:\Users\adrie\.m2\repository\org\junit\platform\junit-platform-engine\1.3.2\junit-platform-engine-1.3.2.jar;C:\Users\adrie\.m2\repository\org\mockito\mockito-junit-jupiter\2.23.4\mockito-junit-jupiter-2.23.4.jar;C:\Users\adrie\.m2\repository\org\mockito\mockito-core\2.23.4\mockito-core-2.23.4.jar;C:\Users\adrie\.m2\repository\net\bytebuddy\byte-buddy\1.9.3\byte-buddy-1.9.3.jar;C:\Users\adrie\.m2\repository\net\bytebuddy\byte-buddy-agent\1.9.3\byte-buddy-agent-1.9.3.jar;C:\Users\adrie\.m2\repository\org\objenesis\objenesis\2.6\objenesis-2.6.jar;C:\Users\adrie\.m2\repository\org\jacoco\jacoco-maven-plugin\0.8.5\jacoco-maven-plugin-0.8.5.jar;C:\Users\adrie\.m2\repository\org\apache\maven\maven-plugin-api\3.0\maven-plugin-api-3.0.jar;C:\Users\adrie\.m2\repository\org\sonatype\sisu\sisu-inject-plexus\1.4.2\sisu-inject-plexus-1.4.2.jar;C:\Users\adrie\.m2\repository\org\sonatype\sisu\sisu-inject-bean\1.4.2\sisu-inject-bean-1.4.2.jar;C:\Users\adrie\.m2\repository\org\sonatype\sisu\sisu-guice\2.1.7\sisu-guice-2.1.7-noaop.jar;C:\Users\adrie\.m2\repository\org\apache\maven\maven-core\3.0\maven-core-3.0.jar;C:\Users\adrie\.m2\repository\org\apache\maven\maven-repository-metadata\3.0\maven-repository-metadata-3.0.jar;C:\Users\adrie\.m2\repository\org\apache\maven\maven-model-builder\3.0\maven-model-builder-3.0.jar;C:\Users\adrie\.m2\repository\org\apache\maven\maven-aether-provider\3.0\maven-aether-provider-3.0.jar;C:\Users\adrie\.m2\repository\org\sonatype\aether\aether-impl\1.7\aether-impl-1.7.jar;C:\Users\adrie\.m2\repository\org\sonatype\aether\aether-spi\1.7\aether-spi-1.7.jar;C:\Users\adrie\.m2\repository\org\sonatype\aether\aether-api\1.7\aether-api-1.7.jar;C:\Users\adrie\.m2\repository\org\sonatype\aether\aether-util\1.7\aether-util-1.7.jar;C:\Users\adrie\.m2\repository\org\codehaus\plexus\plexus-classworlds\2.2.3\plexus-classworlds-2.2.3.jar;C:\Users\adrie\.m2\repository\org\codehaus\plexus\plexus-component-annotations\1.5.5\plexus-component-annotations-1.5.5.jar;C:\Users\adrie\.m2\repository\org\sonatype\plexus\plexus-sec-dispatcher\1.3\plexus-sec-dispatcher-1.3.jar;C:\Users\adrie\.m2\repository\org\sonatype\plexus\plexus-cipher\1.4\plexus-cipher-1.4.jar;C:\Users\adrie\.m2\repository\org\codehaus\plexus\plexus-utils\3.0.22\plexus-utils-3.0.22.jar;C:\Users\adrie\.m2\repository\org\apache\maven\shared\file-management\1.2.1\file-management-1.2.1.jar;C:\Users\adrie\.m2\repository\org\apache\maven\reporting\maven-reporting-api\3.0\maven-reporting-api-3.0.jar;C:\Users\adrie\.m2\repository\org\apache\maven\reporting\maven-reporting-impl\2.1\maven-reporting-impl-2.1.jar;C:\Users\adrie\.m2\repository\commons-validator\commons-validator\1.2.0\commons-validator-1.2.0.jar;C:\Users\adrie\.m2\repository\commons-beanutils\commons-beanutils\1.7.0\commons-beanutils-1.7.0.jar;C:\Users\adrie\.m2\repository\commons-digester\commons-digester\1.6\commons-digester-1.6.jar;C:\Users\adrie\.m2\repository\commons-logging\commons-logging\1.0.4\commons-logging-1.0.4.jar;C:\Users\adrie\.m2\repository\xml-apis\xml-apis\1.0.b2\xml-apis-1.0.b2.jar;C:\Users\adrie\.m2\repository\org\jacoco\org.jacoco.agent\0.8.5\org.jacoco.agent-0.8.5-runtime.jar;C:\Users\adrie\.m2\repository\org\jacoco\org.jacoco.core\0.8.5\org.jacoco.core-0.8.5.jar;C:\Users\adrie\.m2\repository\org\ow2\asm\asm\7.2\asm-7.2.jar;C:\Users\adrie\.m2\repository\org\ow2\asm\asm-commons\7.2\asm-commons-7.2.jar;C:\Users\adrie\.m2\repository\org\ow2\asm\asm-analysis\7.2\asm-analysis-7.2.jar;C:\Users\adrie\.m2\repository\org\ow2\asm\asm-tree\7.2\asm-tree-7.2.jar;C:\Users\adrie\.m2\repository\org\jacoco\org.jacoco.report\0.8.5\org.jacoco.report-0.8.5.jar;C:\Users\adrie\.m2\repository\org\apache\maven\plugins\maven-assembly-plugin\2.2-beta-5\maven-assembly-plugin-2.2-beta-5.jar;C:\Users\adrie\.m2\repository\org\apache\maven\shared\maven-common-artifact-filters\1.1\maven-common-artifact-filters-1.1.jar;C:\Users\adrie\.m2\repository\org\apache\maven\shared\maven-plugin-testing-harness\1.1\maven-plugin-testing-harness-1.1.jar;C:\Users\adrie\.m2\repository\org\codehaus\plexus\plexus-interpolation\1.7\plexus-interpolation-1.7.jar;C:\Users\adrie\.m2\repository\org\codehaus\plexus\plexus-archiver\1.0-alpha-12\plexus-archiver-1.0-alpha-12.jar;C:\Users\adrie\.m2\repository\org\apache\maven\shared\maven-shared-io\1.1\maven-shared-io-1.1.jar;C:\Users\adrie\.m2\repository\org\apache\maven\maven-artifact-manager\2.0.2\maven-artifact-manager-2.0.2.jar;C:\Users\adrie\.m2\repository\org\apache\maven\shared\maven-filtering\1.0-beta-2\maven-filtering-1.0-beta-2.jar;C:\Users\adrie\.m2\repository\org\apache\maven\maven-monitor\2.0.6\maven-monitor-2.0.6.jar;C:\Users\adrie\.m2\repository\org\codehaus\plexus\plexus-active-collections\1.0-beta-2\plexus-active-collections-1.0-beta-2.jar;C:\Users\adrie\.m2\repository\org\codehaus\plexus\plexus-io\1.0-alpha-4\plexus-io-1.0-alpha-4.jar;C:\Users\adrie\.m2\repository\org\apache\maven\maven-project\2.0.4\maven-project-2.0.4.jar;C:\Users\adrie\.m2\repository\org\apache\maven\maven-profile\2.0.4\maven-profile-2.0.4.jar;C:\Users\adrie\.m2\repository\org\apache\maven\maven-archiver\2.4\maven-archiver-2.4.jar;C:\Users\adrie\.m2\repository\org\codehaus\plexus\plexus-container-default\1.0-alpha-9-stable-1\plexus-container-default-1.0-alpha-9-stable-1.jar;C:\Users\adrie\.m2\repository\classworlds\classworlds\1.1-alpha-2\classworlds-1.1-alpha-2.jar;C:\Users\adrie\.m2\repository\org\apache\maven\maven-artifact\2.0.4\maven-artifact-2.0.4.jar;C:\Users\adrie\.m2\repository\org\apache\maven\maven-model\2.0.4\maven-model-2.0.4.jar;C:\Users\adrie\.m2\repository\org\apache\maven\shared\maven-repository-builder\1.0-alpha-2\maven-repository-builder-1.0-alpha-2.jar;C:\Users\adrie\.m2\repository\org\junit\vintage\junit-vintage-engine\5.6.3\junit-vintage-engine-5.6.3.jar;C:\Users\adrie\.m2\repository\junit\junit\4.13\junit-4.13.jar;C:\Users\adrie\.m2\repository\org\hamcrest\hamcrest-core\1.3\hamcrest-core-1.3.jar;C:\Users\adrie\.m2\repository\org\apache\maven\plugins\maven-site-plugin\3.3\maven-site-plugin-3.3.jar;C:\Users\adrie\.m2\repository\org\apache\maven\reporting\maven-reporting-exec\1.1\maven-reporting-exec-1.1.jar;C:\Users\adrie\.m2\repository\org\apache\maven\shared\maven-shared-utils\0.3\maven-shared-utils-0.3.jar;C:\Users\adrie\.m2\repository\com\google\code\findbugs\jsr305\2.0.1\jsr305-2.0.1.jar;C:\Users\adrie\.m2\repository\org\eclipse\aether\aether-util\0.9.0.M2\aether-util-0.9.0.M2.jar;C:\Users\adrie\.m2\repository\org\apache\maven\maven-settings\3.0\maven-settings-3.0.jar;C:\Users\adrie\.m2\repository\org\apache\maven\maven-settings-builder\3.0\maven-settings-builder-3.0.jar;C:\Users\adrie\.m2\repository\org\apache\maven\doxia\doxia-sink-api\1.4\doxia-sink-api-1.4.jar;C:\Users\adrie\.m2\repository\org\apache\maven\doxia\doxia-logging-api\1.4\doxia-logging-api-1.4.jar;C:\Users\adrie\.m2\repository\org\apache\maven\doxia\doxia-core\1.4\doxia-core-1.4.jar;C:\Users\adrie\.m2\repository\xerces\xercesImpl\2.9.1\xercesImpl-2.9.1.jar;C:\Users\adrie\.m2\repository\org\apache\httpcomponents\httpclient\4.0.2\httpclient-4.0.2.jar;C:\Users\adrie\.m2\repository\commons-codec\commons-codec\1.3\commons-codec-1.3.jar;C:\Users\adrie\.m2\repository\org\apache\httpcomponents\httpcore\4.0.1\httpcore-4.0.1.jar;C:\Users\adrie\.m2\repository\org\apache\maven\doxia\doxia-module-xhtml\1.4\doxia-module-xhtml-1.4.jar;C:\Users\adrie\.m2\repository\org\apache\maven\doxia\doxia-module-apt\1.4\doxia-module-apt-1.4.jar;C:\Users\adrie\.m2\repository\org\apache\maven\doxia\doxia-module-xdoc\1.4\doxia-module-xdoc-1.4.jar;C:\Users\adrie\.m2\repository\org\apache\maven\doxia\doxia-module-fml\1.4\doxia-module-fml-1.4.jar;C:\Users\adrie\.m2\repository\org\apache\maven\doxia\doxia-module-markdown\1.4\doxia-module-markdown-1.4.jar;C:\Users\adrie\.m2\repository\org\pegdown\pegdown\1.2.1\pegdown-1.2.1.jar;C:\Users\adrie\.m2\repository\org\parboiled\parboiled-java\1.1.4\parboiled-java-1.1.4.jar;C:\Users\adrie\.m2\repository\org\parboiled\parboiled-core\1.1.4\parboiled-core-1.1.4.jar;C:\Users\adrie\.m2\repository\org\ow2\asm\asm-util\4.1\asm-util-4.1.jar;C:\Users\adrie\.m2\repository\javax\servlet\servlet-api\2.5\servlet-api-2.5.jar;C:\Users\adrie\.m2\repository\org\apache\maven\doxia\doxia-decoration-model\1.4\doxia-decoration-model-1.4.jar;C:\Users\adrie\.m2\repository\org\apache\maven\doxia\doxia-site-renderer\1.4\doxia-site-renderer-1.4.jar;C:\Users\adrie\.m2\repository\org\apache\velocity\velocity-tools\2.0\velocity-tools-2.0.jar;C:\Users\adrie\.m2\repository\commons-chain\commons-chain\1.1\commons-chain-1.1.jar;C:\Users\adrie\.m2\repository\dom4j\dom4j\1.1\dom4j-1.1.jar;C:\Users\adrie\.m2\repository\sslext\sslext\1.2-0\sslext-1.2-0.jar;C:\Users\adrie\.m2\repository\org\apache\struts\struts-core\1.3.8\struts-core-1.3.8.jar;C:\Users\adrie\.m2\repository\antlr\antlr\2.7.2\antlr-2.7.2.jar;C:\Users\adrie\.m2\repository\org\apache\struts\struts-taglib\1.3.8\struts-taglib-1.3.8.jar;C:\Users\adrie\.m2\repository\org\apache\struts\struts-tiles\1.3.8\struts-tiles-1.3.8.jar;C:\Users\adrie\.m2\repository\commons-collections\commons-collections\3.2.1\commons-collections-3.2.1.jar;C:\Users\adrie\.m2\repository\org\apache\maven\doxia\doxia-integration-tools\1.5\doxia-integration-tools-1.5.jar;C:\Users\adrie\.m2\repository\org\apache\maven\wagon\wagon-provider-api\1.0\wagon-provider-api-1.0.jar;C:\Users\adrie\.m2\repository\org\codehaus\plexus\plexus-i18n\1.0-beta-7\plexus-i18n-1.0-beta-7.jar;C:\Users\adrie\.m2\repository\org\apache\velocity\velocity\1.5\velocity-1.5.jar;C:\Users\adrie\.m2\repository\oro\oro\2.0.8\oro-2.0.8.jar;C:\Users\adrie\.m2\repository\org\codehaus\plexus\plexus-velocity\1.1.8\plexus-velocity-1.1.8.jar;C:\Users\adrie\.m2\repository\org\mortbay\jetty\jetty\6.1.25\jetty-6.1.25.jar;C:\Users\adrie\.m2\repository\org\mortbay\jetty\servlet-api\2.5-20081211\servlet-api-2.5-20081211.jar;C:\Users\adrie\.m2\repository\org\mortbay\jetty\jetty-util\6.1.25\jetty-util-6.1.25.jar;C:\Users\adrie\.m2\repository\commons-lang\commons-lang\2.5\commons-lang-2.5.jar;C:\Users\adrie\.m2\repository\commons-io\commons-io\1.4\commons-io-1.4.jar;"/>
    <property name="java.vm.vendor" value="JetBrains s.r.o"/>
    <property name="sun.arch.data.model" value="64"/>
    <property name="user.variant" value=""/>
    <property name="java.vendor.url" value="https://www.jetbrains.com/"/>
    <property name="user.timezone" value="Europe/Paris"/>
    <property name="java.vm.specification.version" value="1.8"/>
    <property name="os.name" value="Windows 10"/>
    <property name="user.country" value="FR"/>
    <property name="sun.java.launcher" value="SUN_STANDARD"/>
    <property name="sun.boot.library.path" value="C:\Program Files\Android\Android Studio\jre\jre\bin"/>
    <property name="sun.java.command" value="C:\Users\adrie\AppData\Local\Temp\surefire8617631059849789309\surefirebooter1609603776206658879.jar C:\Users\adrie\AppData\Local\Temp\surefire8617631059849789309 2020-12-17T12-48-53_544-jvmRun1 surefire4831492542891097292tmp surefire_08002971413079612373tmp"/>
    <property name="surefire.test.class.path" value="C:\Users\adrie\Desktop\OC-Projet\PMOVE_01_Code\target\test-classes;C:\Users\adrie\Desktop\OC-Projet\PMOVE_01_Code\target\classes;C:\Users\adrie\.m2\repository\org\apache\logging\log4j\log4j-api\2.12.1\log4j-api-2.12.1.jar;C:\Users\adrie\.m2\repository\org\apache\logging\log4j\log4j-core\2.12.1\log4j-core-2.12.1.jar;C:\Users\adrie\.m2\repository\mysql\mysql-connector-java\8.0.17\mysql-connector-java-8.0.17.jar;C:\Users\adrie\.m2\repository\com\google\protobuf\protobuf-java\3.6.1\protobuf-java-3.6.1.jar;C:\Users\adrie\.m2\repository\org\junit\jupiter\junit-jupiter-api\5.3.2\junit-jupiter-api-5.3.2.jar;C:\Users\adrie\.m2\repository\org\apiguardian\apiguardian-api\1.0.0\apiguardian-api-1.0.0.jar;C:\Users\adrie\.m2\repository\org\opentest4j\opentest4j\1.1.1\opentest4j-1.1.1.jar;C:\Users\adrie\.m2\repository\org\junit\platform\junit-platform-commons\1.3.2\junit-platform-commons-1.3.2.jar;C:\Users\adrie\.m2\repository\org\junit\jupiter\junit-jupiter-engine\5.3.2\junit-jupiter-engine-5.3.2.jar;C:\Users\adrie\.m2\repository\org\junit\platform\junit-platform-engine\1.3.2\junit-platform-engine-1.3.2.jar;C:\Users\adrie\.m2\repository\org\mockito\mockito-junit-jupiter\2.23.4\mockito-junit-jupiter-2.23.4.jar;C:\Users\adrie\.m2\repository\org\mockito\mockito-core\2.23.4\mockito-core-2.23.4.jar;C:\Users\adrie\.m2\repository\net\bytebuddy\byte-buddy\1.9.3\byte-buddy-1.9.3.jar;C:\Users\adrie\.m2\repository\net\bytebuddy\byte-buddy-agent\1.9.3\byte-buddy-agent-1.9.3.jar;C:\Users\adrie\.m2\repository\org\objenesis\objenesis\2.6\objenesis-2.6.jar;C:\Users\adrie\.m2\repository\org\jacoco\jacoco-maven-plugin\0.8.5\jacoco-maven-plugin-0.8.5.jar;C:\Users\adrie\.m2\repository\org\apache\maven\maven-plugin-api\3.0\maven-plugin-api-3.0.jar;C:\Users\adrie\.m2\repository\org\sonatype\sisu\sisu-inject-plexus\1.4.2\sisu-inject-plexus-1.4.2.jar;C:\Users\adrie\.m2\repository\org\sonatype\sisu\sisu-inject-bean\1.4.2\sisu-inject-bean-1.4.2.jar;C:\Users\adrie\.m2\repository\org\sonatype\sisu\sisu-guice\2.1.7\sisu-guice-2.1.7-noaop.jar;C:\Users\adrie\.m2\repository\org\apache\maven\maven-core\3.0\maven-core-3.0.jar;C:\Users\adrie\.m2\repository\org\apache\maven\maven-repository-metadata\3.0\maven-repository-metadata-3.0.jar;C:\Users\adrie\.m2\repository\org\apache\maven\maven-model-builder\3.0\maven-model-builder-3.0.jar;C:\Users\adrie\.m2\repository\org\apache\maven\maven-aether-provider\3.0\maven-aether-provider-3.0.jar;C:\Users\adrie\.m2\repository\org\sonatype\aether\aether-impl\1.7\aether-impl-1.7.jar;C:\Users\adrie\.m2\repository\org\sonatype\aether\aether-spi\1.7\aether-spi-1.7.jar;C:\Users\adrie\.m2\repository\org\sonatype\aether\aether-api\1.7\aether-api-1.7.jar;C:\Users\adrie\.m2\repository\org\sonatype\aether\aether-util\1.7\aether-util-1.7.jar;C:\Users\adrie\.m2\repository\org\codehaus\plexus\plexus-classworlds\2.2.3\plexus-classworlds-2.2.3.jar;C:\Users\adrie\.m2\repository\org\codehaus\plexus\plexus-component-annotations\1.5.5\plexus-component-annotations-1.5.5.jar;C:\Users\adrie\.m2\repository\org\sonatype\plexus\plexus-sec-dispatcher\1.3\plexus-sec-dispatcher-1.3.jar;C:\Users\adrie\.m2\repository\org\sonatype\plexus\plexus-cipher\1.4\plexus-cipher-1.4.jar;C:\Users\adrie\.m2\repository\org\codehaus\plexus\plexus-utils\3.0.22\plexus-utils-3.0.22.jar;C:\Users\adrie\.m2\repository\org\apache\maven\shared\file-management\1.2.1\file-management-1.2.1.jar;C:\Users\adrie\.m2\repository\org\apache\maven\reporting\maven-reporting-api\3.0\maven-reporting-api-3.0.jar;C:\Users\adrie\.m2\repository\org\apache\maven\reporting\maven-reporting-impl\2.1\maven-reporting-impl-2.1.jar;C:\Users\adrie\.m2\repository\commons-validator\commons-validator\1.2.0\commons-validator-1.2.0.jar;C:\Users\adrie\.m2\repository\commons-beanutils\commons-beanutils\1.7.0\commons-beanutils-1.7.0.jar;C:\Users\adrie\.m2\repository\commons-digester\commons-digester\1.6\commons-digester-1.6.jar;C:\Users\adrie\.m2\repository\commons-logging\commons-logging\1.0.4\commons-logging-1.0.4.jar;C:\Users\adrie\.m2\repository\xml-apis\xml-apis\1.0.b2\xml-apis-1.0.b2.jar;C:\Users\adrie\.m2\repository\org\jacoco\org.jacoco.agent\0.8.5\org.jacoco.agent-0.8.5-runtime.jar;C:\Users\adrie\.m2\repository\org\jacoco\org.jacoco.core\0.8.5\org.jacoco.core-0.8.5.jar;C:\Users\adrie\.m2\repository\org\ow2\asm\asm\7.2\asm-7.2.jar;C:\Users\adrie\.m2\repository\org\ow2\asm\asm-commons\7.2\asm-commons-7.2.jar;C:\Users\adrie\.m2\repository\org\ow2\asm\asm-analysis\7.2\asm-analysis-7.2.jar;C:\Users\adrie\.m2\repository\org\ow2\asm\asm-tree\7.2\asm-tree-7.2.jar;C:\Users\adrie\.m2\repository\org\jacoco\org.jacoco.report\0.8.5\org.jacoco.report-0.8.5.jar;C:\Users\adrie\.m2\repository\org\apache\maven\plugins\maven-assembly-plugin\2.2-beta-5\maven-assembly-plugin-2.2-beta-5.jar;C:\Users\adrie\.m2\repository\org\apache\maven\shared\maven-common-artifact-filters\1.1\maven-common-artifact-filters-1.1.jar;C:\Users\adrie\.m2\repository\org\apache\maven\shared\maven-plugin-testing-harness\1.1\maven-plugin-testing-harness-1.1.jar;C:\Users\adrie\.m2\repository\org\codehaus\plexus\plexus-interpolation\1.7\plexus-interpolation-1.7.jar;C:\Users\adrie\.m2\repository\org\codehaus\plexus\plexus-archiver\1.0-alpha-12\plexus-archiver-1.0-alpha-12.jar;C:\Users\adrie\.m2\repository\org\apache\maven\shared\maven-shared-io\1.1\maven-shared-io-1.1.jar;C:\Users\adrie\.m2\repository\org\apache\maven\maven-artifact-manager\2.0.2\maven-artifact-manager-2.0.2.jar;C:\Users\adrie\.m2\repository\org\apache\maven\shared\maven-filtering\1.0-beta-2\maven-filtering-1.0-beta-2.jar;C:\Users\adrie\.m2\repository\org\apache\maven\maven-monitor\2.0.6\maven-monitor-2.0.6.jar;C:\Users\adrie\.m2\repository\org\codehaus\plexus\plexus-active-collections\1.0-beta-2\plexus-active-collections-1.0-beta-2.jar;C:\Users\adrie\.m2\repository\org\codehaus\plexus\plexus-io\1.0-alpha-4\plexus-io-1.0-alpha-4.jar;C:\Users\adrie\.m2\repository\org\apache\maven\maven-project\2.0.4\maven-project-2.0.4.jar;C:\Users\adrie\.m2\repository\org\apache\maven\maven-profile\2.0.4\maven-profile-2.0.4.jar;C:\Users\adrie\.m2\repository\org\apache\maven\maven-archiver\2.4\maven-archiver-2.4.jar;C:\Users\adrie\.m2\repository\org\codehaus\plexus\plexus-container-default\1.0-alpha-9-stable-1\plexus-container-default-1.0-alpha-9-stable-1.jar;C:\Users\adrie\.m2\repository\classworlds\classworlds\1.1-alpha-2\classworlds-1.1-alpha-2.jar;C:\Users\adrie\.m2\repository\org\apache\maven\maven-artifact\2.0.4\maven-artifact-2.0.4.jar;C:\Users\adrie\.m2\repository\org\apache\maven\maven-model\2.0.4\maven-model-2.0.4.jar;C:\Users\adrie\.m2\repository\org\apache\maven\shared\maven-repository-builder\1.0-alpha-2\maven-repository-builder-1.0-alpha-2.jar;C:\Users\adrie\.m2\repository\org\junit\vintage\junit-vintage-engine\5.6.3\junit-vintage-engine-5.6.3.jar;C:\Users\adrie\.m2\repository\junit\junit\4.13\junit-4.13.jar;C:\Users\adrie\.m2\repository\org\hamcrest\hamcrest-core\1.3\hamcrest-core-1.3.jar;C:\Users\adrie\.m2\repository\org\apache\maven\plugins\maven-site-plugin\3.3\maven-site-plugin-3.3.jar;C:\Users\adrie\.m2\repository\org\apache\maven\reporting\maven-reporting-exec\1.1\maven-reporting-exec-1.1.jar;C:\Users\adrie\.m2\repository\org\apache\maven\shared\maven-shared-utils\0.3\maven-shared-utils-0.3.jar;C:\Users\adrie\.m2\repository\com\google\code\findbugs\jsr305\2.0.1\jsr305-2.0.1.jar;C:\Users\adrie\.m2\repository\org\eclipse\aether\aether-util\0.9.0.M2\aether-util-0.9.0.M2.jar;C:\Users\adrie\.m2\repository\org\apache\maven\maven-settings\3.0\maven-settings-3.0.jar;C:\Users\adrie\.m2\repository\org\apache\maven\maven-settings-builder\3.0\maven-settings-builder-3.0.jar;C:\Users\adrie\.m2\repository\org\apache\maven\doxia\doxia-sink-api\1.4\doxia-sink-api-1.4.jar;C:\Users\adrie\.m2\repository\org\apache\maven\doxia\doxia-logging-api\1.4\doxia-logging-api-1.4.jar;C:\Users\adrie\.m2\repository\org\apache\maven\doxia\doxia-core\1.4\doxia-core-1.4.jar;C:\Users\adrie\.m2\repository\xerces\xercesImpl\2.9.1\xercesImpl-2.9.1.jar;C:\Users\adrie\.m2\repository\org\apache\httpcomponents\httpclient\4.0.2\httpclient-4.0.2.jar;C:\Users\adrie\.m2\repository\commons-codec\commons-codec\1.3\commons-codec-1.3.jar;C:\Users\adrie\.m2\repository\org\apache\httpcomponents\httpcore\4.0.1\httpcore-4.0.1.jar;C:\Users\adrie\.m2\repository\org\apache\maven\doxia\doxia-module-xhtml\1.4\doxia-module-xhtml-1.4.jar;C:\Users\adrie\.m2\repository\org\apache\maven\doxia\doxia-module-apt\1.4\doxia-module-apt-1.4.jar;C:\Users\adrie\.m2\repository\org\apache\maven\doxia\doxia-module-xdoc\1.4\doxia-module-xdoc-1.4.jar;C:\Users\adrie\.m2\repository\org\apache\maven\doxia\doxia-module-fml\1.4\doxia-module-fml-1.4.jar;C:\Users\adrie\.m2\repository\org\apache\maven\doxia\doxia-module-markdown\1.4\doxia-module-markdown-1.4.jar;C:\Users\adrie\.m2\repository\org\pegdown\pegdown\1.2.1\pegdown-1.2.1.jar;C:\Users\adrie\.m2\repository\org\parboiled\parboiled-java\1.1.4\parboiled-java-1.1.4.jar;C:\Users\adrie\.m2\repository\org\parboiled\parboiled-core\1.1.4\parboiled-core-1.1.4.jar;C:\Users\adrie\.m2\repository\org\ow2\asm\asm-util\4.1\asm-util-4.1.jar;C:\Users\adrie\.m2\repository\javax\servlet\servlet-api\2.5\servlet-api-2.5.jar;C:\Users\adrie\.m2\repository\org\apache\maven\doxia\doxia-decoration-model\1.4\doxia-decoration-model-1.4.jar;C:\Users\adrie\.m2\repository\org\apache\maven\doxia\doxia-site-renderer\1.4\doxia-site-renderer-1.4.jar;C:\Users\adrie\.m2\repository\org\apache\velocity\velocity-tools\2.0\velocity-tools-2.0.jar;C:\Users\adrie\.m2\repository\commons-chain\commons-chain\1.1\commons-chain-1.1.jar;C:\Users\adrie\.m2\repository\dom4j\dom4j\1.1\dom4j-1.1.jar;C:\Users\adrie\.m2\repository\sslext\sslext\1.2-0\sslext-1.2-0.jar;C:\Users\adrie\.m2\repository\org\apache\struts\struts-core\1.3.8\struts-core-1.3.8.jar;C:\Users\adrie\.m2\repository\antlr\antlr\2.7.2\antlr-2.7.2.jar;C:\Users\adrie\.m2\repository\org\apache\struts\struts-taglib\1.3.8\struts-taglib-1.3.8.jar;C:\Users\adrie\.m2\repository\org\apache\struts\struts-tiles\1.3.8\struts-tiles-1.3.8.jar;C:\Users\adrie\.m2\repository\commons-collections\commons-collections\3.2.1\commons-collections-3.2.1.jar;C:\Users\adrie\.m2\repository\org\apache\maven\doxia\doxia-integration-tools\1.5\doxia-integration-tools-1.5.jar;C:\Users\adrie\.m2\repository\org\apache\maven\wagon\wagon-provider-api\1.0\wagon-provider-api-1.0.jar;C:\Users\adrie\.m2\repository\org\codehaus\plexus\plexus-i18n\1.0-beta-7\plexus-i18n-1.0-beta-7.jar;C:\Users\adrie\.m2\repository\org\apache\velocity\velocity\1.5\velocity-1.5.jar;C:\Users\adrie\.m2\repository\oro\oro\2.0.8\oro-2.0.8.jar;C:\Users\adrie\.m2\repository\org\codehaus\plexus\plexus-velocity\1.1.8\plexus-velocity-1.1.8.jar;C:\Users\adrie\.m2\repository\org\mortbay\jetty\jetty\6.1.25\jetty-6.1.25.jar;C:\Users\adrie\.m2\repository\org\mortbay\jetty\servlet-api\2.5-20081211\servlet-api-2.5-20081211.jar;C:\Users\adrie\.m2\repository\org\mortbay\jetty\jetty-util\6.1.25\jetty-util-6.1.25.jar;C:\Users\adrie\.m2\repository\commons-lang\commons-lang\2.5\commons-lang-2.5.jar;C:\Users\adrie\.m2\repository\commons-io\commons-io\1.4\commons-io-1.4.jar;"/>
    <property name="sun.cpu.endian" value="little"/>
    <property name="user.home" value="C:\Users\adrie"/>
    <property name="user.language" value="fr"/>
    <property name="java.specification.vendor" value="Oracle Corporation"/>
    <property name="java.home" value="C:\Program Files\Android\Android Studio\jre\jre"/>
    <property name="basedir" value="C:\Users\adrie\Desktop\OC-Projet\PMOVE_01_Code"/>
    <property name="file.separator" value="\"/>
    <property name="line.separator" value="&#10;"/>
    <property name="java.vm.specification.vendor" value="Oracle Corporation"/>
    <property name="java.specification.name" value="Java Platform API Specification"/>
    <property name="java.awt.graphicsenv" value="sun.awt.Win32GraphicsEnvironment"/>
    <property name="surefire.real.class.path" value="C:\Users\adrie\AppData\Local\Temp\surefire8617631059849789309\surefirebooter1609603776206658879.jar;C:\\Users\\adrie\\.m2\\repository\\org\\jacoco\\org.jacoco.agent\\0.8.5\\org.jacoco.agent-0.8.5-runtime.jar"/>
    <property name="sun.boot.class.path" value="C:\Program Files\Android\Android Studio\jre\jre\lib\resources.jar;C:\Program Files\Android\Android Studio\jre\jre\lib\rt.jar;C:\Program Files\Android\Android Studio\jre\jre\lib\sunrsasign.jar;C:\Program Files\Android\Android Studio\jre\jre\lib\jsse.jar;C:\Program Files\Android\Android Studio\jre\jre\lib\jce.jar;C:\Program Files\Android\Android Studio\jre\jre\lib\charsets.jar;C:\Program Files\Android\Android Studio\jre\jre\lib\jfr.jar;C:\Program Files\Android\Android Studio\jre\jre\classes"/>
    <property name="user.script" value=""/>
    <property name="sun.management.compiler" value="HotSpot 64-Bit Tiered Compilers"/>
    <property name="java.runtime.version" value="1.8.0_242-release-1644-b01"/>
    <property name="user.name" value="adrie"/>
    <property name="path.separator" value=";"/>
    <property name="os.version" value="10.0"/>
    <property name="java.endorsed.dirs" value="C:\Program Files\Android\Android Studio\jre\jre\lib\endorsed"/>
    <property name="java.runtime.name" value="OpenJDK Runtime Environment"/>
    <property name="file.encoding" value="Cp1252"/>
    <property name="java.vm.name" value="OpenJDK 64-Bit Server VM"/>
    <property name="localRepository" value="C:\Users\adrie\.m2\repository"/>
    <property name="java.vendor.url.bug" value="https://youtrack.jetbrains.com"/>
    <property name="java.io.tmpdir" value="C:\Users\adrie\AppData\Local\Temp\"/>
    <property name="java.version" value="1.8.0_242-release"/>
    <property name="user.dir" value="C:\Users\adrie\Desktop\OC-Projet\PMOVE_01_Code"/>
    <property name="os.arch" value="amd64"/>
    <property name="java.vm.specification.name" value="Java Virtual Machine Specification"/>
    <property name="java.awt.printerjob" value="sun.awt.windows.WPrinterJob"/>
    <property name="sun.os.patch.level" value=""/>
    <property name="java.library.path" value="C:\Program Files\Android\Android Studio\jre\jre\bin;C:\WINDOWS\Sun\Java\bin;C:\WINDOWS\system32;C:\WINDOWS;C:\Program Files\AdoptOpenJDK\jdk-8.0.265.01-hotspot\bin;C:\Users\adrie\GCC\bin;C:\Windows\system32;C:\Windows;C:\Windows\System32\Wbem;C:\Windows\System32\WindowsPowerShell\v1.0\;C:\Windows\System32\OpenSSH\;C:\Program Files\NVIDIA Corporation\NVIDIA NvDLISR;C:\Android;C:\WINDOWS\system32;C:\WINDOWS;C:\WINDOWS\System32\Wbem;C:\WINDOWS\System32\WindowsPowerShell\v1.0\;C:\WINDOWS\System32\OpenSSH\;C:\Program Files (x86)\NVIDIA Corporation\PhysX\Common;C:\Program Files\dotnet\;C:\Program Files\Microsoft SQL Server\130\Tools\Binn\;C:\Program Files\Microsoft SQL Server\Client SDK\ODBC\170\Tools\Binn\;D:\Git\cmd;C:\Program Files\MySQL\MySQL Shell 8.0\bin\;C:\Users\adrie\AppData\Local\Microsoft\WindowsApps;C:\Users\adrie\AppData\Local\Programs\Microsoft VS Code\bin;C:\Users\adrie\.dotnet\tools;C:\Users\adrie\Desktop\apache-maven-3.6.3\bin;;."/>
    <property name="java.vm.info" value="mixed mode"/>
    <property name="java.vendor" value="JetBrains s.r.o"/>
    <property name="java.vm.version" value="25.242-b01"/>
    <property name="java.ext.dirs" value="C:\Program Files\Android\Android Studio\jre\jre\lib\ext;C:\WINDOWS\Sun\Java\lib\ext"/>
    <property name="sun.io.unicode.encoding" value="UnicodeLittle"/>
    <property name="java.class.version" value="52.0"/>
  </properties>
  <testcase name="processExitingVehicleTest" classname="com.parkit.parkingsystem.ParkingServiceTest" time="1.366"/>
  <testcase name="processIncomingVehicle" classname="com.parkit.parkingsystem.ParkingServiceTest" time="0.009"/>
</testsuite>